<?xml version="1.0" encoding="UTF-8"?>
<testng-results skipped="0" failed="0" total="1" passed="1">
  <reporter-output>
  </reporter-output>
  <suite name="test" duration-ms="23928" started-at="2016-08-10T09:56:17Z" finished-at="2016-08-10T09:56:41Z">
    <groups>
      <group name="login">
        <method signature="TNGAnotation.wrongUsername()[pri:0, instance:test.login.TNGAnotation@1ef7fe8e]" name="wrongUsername" class="test.login.TNGAnotation"/>
      </group> <!-- login -->
    </groups>
    <test name="one script" duration-ms="23928" started-at="2016-08-10T09:56:17Z" finished-at="2016-08-10T09:56:41Z">
      <class name="test.login.TNGAnotation">
        <test-method status="PASS" signature="beforeClass()[pri:0, instance:test.login.TNGAnotation@1ef7fe8e]" name="beforeClass" is-config="true" duration-ms="14201" started-at="2016-08-10T11:56:17Z" finished-at="2016-08-10T11:56:31Z">
          <reporter-output>
          </reporter-output>
        </test-method> <!-- beforeClass -->
        <test-method status="PASS" signature="wrongUsername()[pri:0, instance:test.login.TNGAnotation@1ef7fe8e]" name="wrongUsername" duration-ms="8588" started-at="2016-08-10T11:56:31Z" finished-at="2016-08-10T11:56:40Z">
          <reporter-output>
          </reporter-output>
        </test-method> <!-- wrongUsername -->
        <test-method status="PASS" signature="afterClass()[pri:0, instance:test.login.TNGAnotation@1ef7fe8e]" name="afterClass" is-config="true" duration-ms="1090" started-at="2016-08-10T11:56:40Z" finished-at="2016-08-10T11:56:41Z">
          <reporter-output>
          </reporter-output>
        </test-method> <!-- afterClass -->
      </class> <!-- test.login.TNGAnotation -->
    </test> <!-- one script -->
  </suite> <!-- test -->
</testng-results>
