<?xml version="1.0" encoding="UTF-8"?>
<!-- Generated by org.testng.reporters.JUnitXMLReporter -->
<testsuite hostname="L-000934" name="Default test" tests="1" failures="1" timestamp="15 Aug 2016 08:18:59 GMT" time="34.315" errors="0">
  <testcase name="@AfterClass afterClass" time="0.0" classname="test.cdd.CheckBoxFunctionality">
    <failure type="java.lang.AssertionError" message="Check box should be selected">
      <![CDATA[java.lang.AssertionError: Check box should be selected
	at test.cdd.CheckBoxFunctionality.afterClass(CheckBoxFunctionality.java:118)
... Removed 25 stack frames]]>
    </failure>
  </testcase> <!-- @AfterClass afterClass -->
  <testcase name="checkBox" time="16.829" classname="test.cdd.CheckBoxFunctionality">
    <failure type="java.lang.AssertionError" message="Check box should be selected">
      <![CDATA[java.lang.AssertionError: Check box should be selected
	at test.cdd.CheckBoxFunctionality.checkBox(CheckBoxFunctionality.java:80)
... Removed 25 stack frames]]>
    </failure>
  </testcase> <!-- checkBox -->
</testsuite> <!-- Default test -->
