<?xml version="1.0" encoding="UTF-8"?>
<testng-results skipped="0" failed="0" total="1" passed="1">
  <reporter-output>
  </reporter-output>
  <suite name="Default suite" duration-ms="18847" started-at="2016-08-04T14:43:03Z" finished-at="2016-08-04T14:43:22Z">
    <groups>
    </groups>
    <test name="Default test" duration-ms="18847" started-at="2016-08-04T14:43:03Z" finished-at="2016-08-04T14:43:22Z">
      <class name="test.NewTest">
        <test-method status="PASS" signature="setUp()[pri:0, instance:test.NewTest@6d8a00e3]" name="setUp" is-config="true" duration-ms="6188" started-at="2016-08-04T16:43:03Z" finished-at="2016-08-04T16:43:09Z">
          <reporter-output>
          </reporter-output>
        </test-method> <!-- setUp -->
        <test-method status="PASS" signature="testGoogle()[pri:0, instance:test.NewTest@6d8a00e3]" name="testGoogle" duration-ms="12598" started-at="2016-08-04T16:43:09Z" finished-at="2016-08-04T16:43:22Z">
          <reporter-output>
          </reporter-output>
        </test-method> <!-- testGoogle -->
        <test-method status="PASS" signature="tearDown()[pri:0, instance:test.NewTest@6d8a00e3]" name="tearDown" is-config="true" duration-ms="33" started-at="2016-08-04T16:43:22Z" finished-at="2016-08-04T16:43:22Z">
          <reporter-output>
          </reporter-output>
        </test-method> <!-- tearDown -->
      </class> <!-- test.NewTest -->
    </test> <!-- Default test -->
  </suite> <!-- Default suite -->
</testng-results>
