<?xml version="1.0" encoding="UTF-8"?>
<testng-results skipped="0" failed="0" total="1" passed="1">
  <reporter-output>
  </reporter-output>
  <suite name="Default suite" duration-ms="51767" started-at="2016-08-15T09:17:18Z" finished-at="2016-08-15T09:18:10Z">
    <groups>
    </groups>
    <test name="Default test" duration-ms="51767" started-at="2016-08-15T09:17:18Z" finished-at="2016-08-15T09:18:10Z">
      <class name="test.cdd.CheckBoxFunctionality">
        <test-method status="PASS" signature="beforeClass()[pri:0, instance:test.cdd.CheckBoxFunctionality@4de8b406]" name="beforeClass" is-config="true" duration-ms="7004" started-at="2016-08-15T11:17:18Z" finished-at="2016-08-15T11:17:25Z">
          <reporter-output>
          </reporter-output>
        </test-method> <!-- beforeClass -->
        <test-method status="PASS" signature="checkBox()[pri:0, instance:test.cdd.CheckBoxFunctionality@4de8b406]" name="checkBox" duration-ms="23026" started-at="2016-08-15T11:17:25Z" finished-at="2016-08-15T11:17:48Z">
          <reporter-output>
          </reporter-output>
        </test-method> <!-- checkBox -->
        <test-method status="PASS" signature="afterClass()[pri:0, instance:test.cdd.CheckBoxFunctionality@4de8b406]" name="afterClass" is-config="true" duration-ms="21700" started-at="2016-08-15T11:17:48Z" finished-at="2016-08-15T11:18:10Z">
          <reporter-output>
          </reporter-output>
        </test-method> <!-- afterClass -->
      </class> <!-- test.cdd.CheckBoxFunctionality -->
    </test> <!-- Default test -->
  </suite> <!-- Default suite -->
</testng-results>
